This file contains any messages produced by compilers while
running configure, to aid debugging if configure makes a mistake.

It was created by Gordon-Text_utils-Library configure 0.6.1, which was
generated by GNU Autoconf 2.67.  Invocation command line was

  $ /usr/local/src/libgtextutils/libgtextutils-0.6.1/configure 

## --------- ##
## Platform. ##
## --------- ##

hostname = nathan-ubuntu12
uname -m = x86_64
uname -r = 3.2.0-27-generic
uname -s = Linux
uname -v = #43-Ubuntu SMP Fri Jul 6 14:25:57 UTC 2012

/usr/bin/uname -p = unknown
/bin/uname -X     = unknown

/bin/arch              = unknown
/usr/bin/arch -k       = unknown
/usr/convex/getsysinfo = unknown
/usr/bin/hostinfo      = unknown
/bin/machine           = unknown
/usr/bin/oslevel       = unknown
/bin/universe          = unknown

PATH: /bin/
PATH: /sbin/
PATH: /usr/bin/
PATH: /usr/sbin/
PATH: /usr/local/src/libgtextutils/libgtextutils-0.6.1/


## ----------- ##
## Core tests. ##
## ----------- ##

configure:2404: checking for a BSD-compatible install
configure:2472: result: /usr/bin//install -c
configure:2483: checking whether build environment is sane
configure:2520: result: yes
configure:2545: checking for a thread-safe mkdir -p
configure:2584: result: /bin//mkdir -p
configure:2597: checking for gawk
configure:2627: result: no
configure:2597: checking for mawk
configure:2613: found /usr/bin//mawk
configure:2624: result: mawk
configure:2635: checking whether make sets $(MAKE)
configure:2657: result: yes
configure:2893: checking for gcc
configure:2909: found /usr/bin//gcc
configure:2920: result: gcc
configure:3149: checking for C compiler version
configure:3158: gcc --version >&5
gcc (Ubuntu/Linaro 4.6.3-1ubuntu5) 4.6.3
Copyright (C) 2011 Free Software Foundation, Inc.
This is free software; see the source for copying conditions.  There is NO
warranty; not even for MERCHANTABILITY or FITNESS FOR A PARTICULAR PURPOSE.

configure:3169: $? = 0
configure:3158: gcc -v >&5
Using built-in specs.
COLLECT_GCC=gcc
COLLECT_LTO_WRAPPER=/usr/lib/gcc/x86_64-linux-gnu/4.6/lto-wrapper
Target: x86_64-linux-gnu
Configured with: ../src/configure -v --with-pkgversion='Ubuntu/Linaro 4.6.3-1ubuntu5' --with-bugurl=file:///usr/share/doc/gcc-4.6/README.Bugs --enable-languages=c,c++,fortran,objc,obj-c++ --prefix=/usr --program-suffix=-4.6 --enable-shared --enable-linker-build-id --with-system-zlib --libexecdir=/usr/lib --without-included-gettext --enable-threads=posix --with-gxx-include-dir=/usr/include/c++/4.6 --libdir=/usr/lib --enable-nls --with-sysroot=/ --enable-clocale=gnu --enable-libstdcxx-debug --enable-libstdcxx-time=yes --enable-gnu-unique-object --enable-plugin --enable-objc-gc --disable-werror --with-arch-32=i686 --with-tune=generic --enable-checking=release --build=x86_64-linux-gnu --host=x86_64-linux-gnu --target=x86_64-linux-gnu
Thread model: posix
gcc version 4.6.3 (Ubuntu/Linaro 4.6.3-1ubuntu5) 
configure:3169: $? = 0
configure:3158: gcc -V >&5
gcc: error: unrecognized option '-V'
gcc: fatal error: no input files
compilation terminated.
configure:3169: $? = 4
configure:3158: gcc -qversion >&5
gcc: error: unrecognized option '-qversion'
gcc: fatal error: no input files
compilation terminated.
configure:3169: $? = 4
configure:3189: checking whether the C compiler works
configure:3211: gcc    conftest.c  >&5
configure:3215: $? = 0
configure:3263: result: yes
configure:3266: checking for C compiler default output file name
configure:3268: result: a.out
configure:3274: checking for suffix of executables
configure:3281: gcc -o conftest    conftest.c  >&5
configure:3285: $? = 0
configure:3307: result: 
configure:3329: checking whether we are cross compiling
configure:3337: gcc -o conftest    conftest.c  >&5
configure:3341: $? = 0
configure:3348: ./conftest
configure:3352: $? = 0
configure:3367: result: no
configure:3372: checking for suffix of object files
configure:3394: gcc -c   conftest.c >&5
configure:3398: $? = 0
configure:3419: result: o
configure:3423: checking whether we are using the GNU C compiler
configure:3442: gcc -c   conftest.c >&5
configure:3442: $? = 0
configure:3451: result: yes
configure:3460: checking whether gcc accepts -g
configure:3480: gcc -c -g  conftest.c >&5
configure:3480: $? = 0
configure:3521: result: yes
configure:3538: checking for gcc option to accept ISO C89
configure:3602: gcc  -c -g -O2  conftest.c >&5
configure:3602: $? = 0
configure:3615: result: none needed
configure:3646: checking for style of include used by make
configure:3674: result: GNU
configure:3699: checking dependency style of gcc
configure:3790: result: gcc3
configure:3863: checking for g++
configure:3879: found /usr/bin//g++
configure:3890: result: g++
configure:3917: checking for C++ compiler version
configure:3926: g++ --version >&5
g++ (Ubuntu/Linaro 4.6.3-1ubuntu5) 4.6.3
Copyright (C) 2011 Free Software Foundation, Inc.
This is free software; see the source for copying conditions.  There is NO
warranty; not even for MERCHANTABILITY or FITNESS FOR A PARTICULAR PURPOSE.

configure:3937: $? = 0
configure:3926: g++ -v >&5
Using built-in specs.
COLLECT_GCC=g++
COLLECT_LTO_WRAPPER=/usr/lib/gcc/x86_64-linux-gnu/4.6/lto-wrapper
Target: x86_64-linux-gnu
Configured with: ../src/configure -v --with-pkgversion='Ubuntu/Linaro 4.6.3-1ubuntu5' --with-bugurl=file:///usr/share/doc/gcc-4.6/README.Bugs --enable-languages=c,c++,fortran,objc,obj-c++ --prefix=/usr --program-suffix=-4.6 --enable-shared --enable-linker-build-id --with-system-zlib --libexecdir=/usr/lib --without-included-gettext --enable-threads=posix --with-gxx-include-dir=/usr/include/c++/4.6 --libdir=/usr/lib --enable-nls --with-sysroot=/ --enable-clocale=gnu --enable-libstdcxx-debug --enable-libstdcxx-time=yes --enable-gnu-unique-object --enable-plugin --enable-objc-gc --disable-werror --with-arch-32=i686 --with-tune=generic --enable-checking=release --build=x86_64-linux-gnu --host=x86_64-linux-gnu --target=x86_64-linux-gnu
Thread model: posix
gcc version 4.6.3 (Ubuntu/Linaro 4.6.3-1ubuntu5) 
configure:3937: $? = 0
configure:3926: g++ -V >&5
g++: error: unrecognized option '-V'
g++: fatal error: no input files
compilation terminated.
configure:3937: $? = 4
configure:3926: g++ -qversion >&5
g++: error: unrecognized option '-qversion'
g++: fatal error: no input files
compilation terminated.
configure:3937: $? = 4
configure:3941: checking whether we are using the GNU C++ compiler
configure:3960: g++ -c   conftest.cpp >&5
configure:3960: $? = 0
configure:3969: result: yes
configure:3978: checking whether g++ accepts -g
configure:3998: g++ -c -g  conftest.cpp >&5
configure:3998: $? = 0
configure:4039: result: yes
configure:4064: checking dependency style of g++
configure:4155: result: gcc3
configure:4199: checking build system type
configure:4213: result: x86_64-unknown-linux-gnu
configure:4233: checking host system type
configure:4246: result: x86_64-unknown-linux-gnu
configure:4266: checking for a sed that does not truncate output
configure:4330: result: /bin//sed
configure:4348: checking for grep that handles long lines and -e
configure:4406: result: /bin//grep
configure:4411: checking for egrep
configure:4473: result: /bin//grep -E
configure:4478: checking for fgrep
configure:4540: result: /bin//grep -F
configure:4575: checking for ld used by gcc
configure:4642: result: /usr/bin//ld
configure:4649: checking if the linker (/usr/bin//ld) is GNU ld
configure:4664: result: yes
configure:4676: checking for BSD- or MS-compatible name lister (nm)
configure:4725: result: /usr/bin//nm -B
configure:4843: checking the name lister (/usr/bin//nm -B) interface
configure:4850: gcc -c -g -O2  conftest.c >&5
configure:4853: /usr/bin//nm -B "conftest.o"
configure:4856: output
0000000000000000 B some_variable
configure:4863: result: BSD nm
configure:4866: checking whether ln -s works
configure:4870: result: yes
configure:4878: checking the maximum length of command line arguments
configure:4998: result: 1572864
configure:5015: checking whether the shell understands some XSI constructs
configure:5025: result: yes
configure:5029: checking whether the shell understands "+="
configure:5035: result: yes
configure:5070: checking for /usr/bin//ld option to reload object files
configure:5077: result: -r
configure:5146: checking for objdump
configure:5162: found /usr/bin//objdump
configure:5173: result: objdump
configure:5205: checking how to recognize dependent libraries
configure:5401: result: pass_all
configure:5461: checking for ar
configure:5477: found /usr/bin//ar
configure:5488: result: ar
configure:5566: checking for strip
configure:5582: found /usr/bin//strip
configure:5593: result: strip
configure:5665: checking for ranlib
configure:5681: found /usr/bin//ranlib
configure:5692: result: ranlib
configure:5782: checking command to parse /usr/bin//nm -B output from gcc object
configure:5900: gcc -c -g -O2  conftest.c >&5
configure:5903: $? = 0
configure:5907: /usr/bin//nm -B conftest.o \| sed -n -e 's/^.*[	 ]\([ABCDGIRSTW][ABCDGIRSTW]*\)[	 ][	 ]*\([_A-Za-z][_A-Za-z0-9]*\)$/\1 \2 \2/p' \> conftest.nm
configure:5910: $? = 0
configure:5964: gcc -o conftest -g -O2   conftest.c conftstm.o >&5
configure:5967: $? = 0
configure:6005: result: ok
configure:6101: gcc -c -g -O2  conftest.c >&5
configure:6104: $? = 0
configure:6814: checking how to run the C preprocessor
configure:6845: gcc -E  conftest.c
configure:6845: $? = 0
configure:6859: gcc -E  conftest.c
conftest.c:11:28: fatal error: ac_nonexistent.h: No such file or directory
compilation terminated.
configure:6859: $? = 1
configure: failed program was:
| /* confdefs.h */
| #define PACKAGE_NAME "Gordon-Text_utils-Library"
| #define PACKAGE_TARNAME "libgtextutils"
| #define PACKAGE_VERSION "0.6.1"
| #define PACKAGE_STRING "Gordon-Text_utils-Library 0.6.1"
| #define PACKAGE_BUGREPORT "A. Gordon gordon@cshl.edu"
| #define PACKAGE_URL ""
| #define PACKAGE "libgtextutils"
| #define VERSION "0.6.1"
| /* end confdefs.h.  */
| #include <ac_nonexistent.h>
configure:6884: result: gcc -E
configure:6904: gcc -E  conftest.c
configure:6904: $? = 0
configure:6918: gcc -E  conftest.c
conftest.c:11:28: fatal error: ac_nonexistent.h: No such file or directory
compilation terminated.
configure:6918: $? = 1
configure: failed program was:
| /* confdefs.h */
| #define PACKAGE_NAME "Gordon-Text_utils-Library"
| #define PACKAGE_TARNAME "libgtextutils"
| #define PACKAGE_VERSION "0.6.1"
| #define PACKAGE_STRING "Gordon-Text_utils-Library 0.6.1"
| #define PACKAGE_BUGREPORT "A. Gordon gordon@cshl.edu"
| #define PACKAGE_URL ""
| #define PACKAGE "libgtextutils"
| #define VERSION "0.6.1"
| /* end confdefs.h.  */
| #include <ac_nonexistent.h>
configure:6947: checking for ANSI C header files
configure:6967: gcc -c -g -O2  conftest.c >&5
configure:6967: $? = 0
configure:7040: gcc -o conftest -g -O2   conftest.c  >&5
configure:7040: $? = 0
configure:7040: ./conftest
configure:7040: $? = 0
configure:7051: result: yes
configure:7064: checking for sys/types.h
configure:7064: gcc -c -g -O2  conftest.c >&5
configure:7064: $? = 0
configure:7064: result: yes
configure:7064: checking for sys/stat.h
configure:7064: gcc -c -g -O2  conftest.c >&5
configure:7064: $? = 0
configure:7064: result: yes
configure:7064: checking for stdlib.h
configure:7064: gcc -c -g -O2  conftest.c >&5
configure:7064: $? = 0
configure:7064: result: yes
configure:7064: checking for string.h
configure:7064: gcc -c -g -O2  conftest.c >&5
configure:7064: $? = 0
configure:7064: result: yes
configure:7064: checking for memory.h
configure:7064: gcc -c -g -O2  conftest.c >&5
configure:7064: $? = 0
configure:7064: result: yes
configure:7064: checking for strings.h
configure:7064: gcc -c -g -O2  conftest.c >&5
configure:7064: $? = 0
configure:7064: result: yes
configure:7064: checking for inttypes.h
configure:7064: gcc -c -g -O2  conftest.c >&5
configure:7064: $? = 0
configure:7064: result: yes
configure:7064: checking for stdint.h
configure:7064: gcc -c -g -O2  conftest.c >&5
configure:7064: $? = 0
configure:7064: result: yes
configure:7064: checking for unistd.h
configure:7064: gcc -c -g -O2  conftest.c >&5
configure:7064: $? = 0
configure:7064: result: yes
configure:7078: checking for dlfcn.h
configure:7078: gcc -c -g -O2  conftest.c >&5
configure:7078: $? = 0
configure:7078: result: yes
configure:7203: checking for C++ compiler version
configure:7212: g++ --version >&5
g++ (Ubuntu/Linaro 4.6.3-1ubuntu5) 4.6.3
Copyright (C) 2011 Free Software Foundation, Inc.
This is free software; see the source for copying conditions.  There is NO
warranty; not even for MERCHANTABILITY or FITNESS FOR A PARTICULAR PURPOSE.

configure:7223: $? = 0
configure:7212: g++ -v >&5
Using built-in specs.
COLLECT_GCC=g++
COLLECT_LTO_WRAPPER=/usr/lib/gcc/x86_64-linux-gnu/4.6/lto-wrapper
Target: x86_64-linux-gnu
Configured with: ../src/configure -v --with-pkgversion='Ubuntu/Linaro 4.6.3-1ubuntu5' --with-bugurl=file:///usr/share/doc/gcc-4.6/README.Bugs --enable-languages=c,c++,fortran,objc,obj-c++ --prefix=/usr --program-suffix=-4.6 --enable-shared --enable-linker-build-id --with-system-zlib --libexecdir=/usr/lib --without-included-gettext --enable-threads=posix --with-gxx-include-dir=/usr/include/c++/4.6 --libdir=/usr/lib --enable-nls --with-sysroot=/ --enable-clocale=gnu --enable-libstdcxx-debug --enable-libstdcxx-time=yes --enable-gnu-unique-object --enable-plugin --enable-objc-gc --disable-werror --with-arch-32=i686 --with-tune=generic --enable-checking=release --build=x86_64-linux-gnu --host=x86_64-linux-gnu --target=x86_64-linux-gnu
Thread model: posix
gcc version 4.6.3 (Ubuntu/Linaro 4.6.3-1ubuntu5) 
configure:7223: $? = 0
configure:7212: g++ -V >&5
g++: error: unrecognized option '-V'
g++: fatal error: no input files
compilation terminated.
configure:7223: $? = 4
configure:7212: g++ -qversion >&5
g++: error: unrecognized option '-qversion'
g++: fatal error: no input files
compilation terminated.
configure:7223: $? = 4
configure:7227: checking whether we are using the GNU C++ compiler
configure:7255: result: yes
configure:7264: checking whether g++ accepts -g
configure:7325: result: yes
configure:7350: checking dependency style of g++
configure:7441: result: gcc3
configure:7464: checking how to run the C++ preprocessor
configure:7491: g++ -E  conftest.cpp
configure:7491: $? = 0
configure:7505: g++ -E  conftest.cpp
conftest.cpp:22:28: fatal error: ac_nonexistent.h: No such file or directory
compilation terminated.
configure:7505: $? = 1
configure: failed program was:
| /* confdefs.h */
| #define PACKAGE_NAME "Gordon-Text_utils-Library"
| #define PACKAGE_TARNAME "libgtextutils"
| #define PACKAGE_VERSION "0.6.1"
| #define PACKAGE_STRING "Gordon-Text_utils-Library 0.6.1"
| #define PACKAGE_BUGREPORT "A. Gordon gordon@cshl.edu"
| #define PACKAGE_URL ""
| #define PACKAGE "libgtextutils"
| #define VERSION "0.6.1"
| #define STDC_HEADERS 1
| #define HAVE_SYS_TYPES_H 1
| #define HAVE_SYS_STAT_H 1
| #define HAVE_STDLIB_H 1
| #define HAVE_STRING_H 1
| #define HAVE_MEMORY_H 1
| #define HAVE_STRINGS_H 1
| #define HAVE_INTTYPES_H 1
| #define HAVE_STDINT_H 1
| #define HAVE_UNISTD_H 1
| #define HAVE_DLFCN_H 1
| /* end confdefs.h.  */
| #include <ac_nonexistent.h>
configure:7530: result: g++ -E
configure:7550: g++ -E  conftest.cpp
configure:7550: $? = 0
configure:7564: g++ -E  conftest.cpp
conftest.cpp:22:28: fatal error: ac_nonexistent.h: No such file or directory
compilation terminated.
configure:7564: $? = 1
configure: failed program was:
| /* confdefs.h */
| #define PACKAGE_NAME "Gordon-Text_utils-Library"
| #define PACKAGE_TARNAME "libgtextutils"
| #define PACKAGE_VERSION "0.6.1"
| #define PACKAGE_STRING "Gordon-Text_utils-Library 0.6.1"
| #define PACKAGE_BUGREPORT "A. Gordon gordon@cshl.edu"
| #define PACKAGE_URL ""
| #define PACKAGE "libgtextutils"
| #define VERSION "0.6.1"
| #define STDC_HEADERS 1
| #define HAVE_SYS_TYPES_H 1
| #define HAVE_SYS_STAT_H 1
| #define HAVE_STDLIB_H 1
| #define HAVE_STRING_H 1
| #define HAVE_MEMORY_H 1
| #define HAVE_STRINGS_H 1
| #define HAVE_INTTYPES_H 1
| #define HAVE_STDINT_H 1
| #define HAVE_UNISTD_H 1
| #define HAVE_DLFCN_H 1
| /* end confdefs.h.  */
| #include <ac_nonexistent.h>
configure:7770: checking for objdir
configure:7785: result: .libs
configure:8081: checking if gcc supports -fno-rtti -fno-exceptions
configure:8099: gcc -c -g -O2  -fno-rtti -fno-exceptions conftest.c >&5
cc1: warning: command line option '-fno-rtti' is valid for C++/ObjC++ but not for C [enabled by default]
configure:8103: $? = 0
configure:8116: result: no
configure:8136: checking for gcc option to produce PIC
configure:8408: result: -fPIC -DPIC
configure:8420: checking if gcc PIC flag -fPIC -DPIC works
configure:8438: gcc -c -g -O2  -fPIC -DPIC -DPIC conftest.c >&5
configure:8442: $? = 0
configure:8455: result: yes
configure:8479: checking if gcc static flag -static works
configure:8507: result: yes
configure:8522: checking if gcc supports -c -o file.o
configure:8543: gcc -c -g -O2  -o out/conftest2.o conftest.c >&5
configure:8547: $? = 0
configure:8569: result: yes
configure:8577: checking if gcc supports -c -o file.o
configure:8624: result: yes
configure:8657: checking whether the gcc linker (/usr/bin//ld -m elf_x86_64) supports shared libraries
configure:9644: result: yes
configure:9681: checking whether -lc should be explicitly linked in
configure:9686: gcc -c -g -O2  conftest.c >&5
configure:9689: $? = 0
configure:9704: gcc -shared conftest.o  -v -Wl,-soname -Wl,conftest -o conftest 2\>\&1 \| /bin//grep  -lc  \>/dev/null 2\>\&1
configure:9707: $? = 0
configure:9719: result: no
configure:9883: checking dynamic linker characteristics
configure:10316: gcc -o conftest -g -O2   -Wl,-rpath -Wl,/foo conftest.c  >&5
configure:10316: $? = 0
configure:10546: result: GNU/Linux ld.so
configure:10648: checking how to hardcode library paths into programs
configure:10673: result: immediate
configure:11193: checking whether stripping libraries is possible
configure:11198: result: yes
configure:11233: checking if libtool supports shared libraries
configure:11235: result: yes
configure:11238: checking whether to build shared libraries
configure:11259: result: yes
configure:11262: checking whether to build static libraries
configure:11266: result: yes
configure:11416: checking for ld used by g++
configure:11483: result: /usr/bin//ld -m elf_x86_64
configure:11490: checking if the linker (/usr/bin//ld -m elf_x86_64) is GNU ld
configure:11505: result: yes
configure:11560: checking whether the g++ linker (/usr/bin//ld -m elf_x86_64) supports shared libraries
configure:12473: result: yes
configure:12501: g++ -c -g -O2  conftest.cpp >&5
configure:12504: $? = 0
configure:12686: checking for g++ option to produce PIC
configure:13003: result: -fPIC -DPIC
configure:13012: checking if g++ PIC flag -fPIC -DPIC works
configure:13030: g++ -c -g -O2  -fPIC -DPIC -DPIC conftest.cpp >&5
configure:13034: $? = 0
configure:13047: result: yes
configure:13068: checking if g++ static flag -static works
configure:13096: result: yes
configure:13108: checking if g++ supports -c -o file.o
configure:13129: g++ -c -g -O2  -o out/conftest2.o conftest.cpp >&5
configure:13133: $? = 0
configure:13155: result: yes
configure:13160: checking if g++ supports -c -o file.o
configure:13207: result: yes
configure:13237: checking whether the g++ linker (/usr/bin//ld -m elf_x86_64) supports shared libraries
configure:13266: result: yes
configure:13403: checking dynamic linker characteristics
configure:13784: g++ -o conftest -g -O2   -Wl,-rpath -Wl,/foo conftest.cpp  >&5
configure:13784: $? = 0
configure:14014: result: GNU/Linux ld.so
configure:14065: checking how to hardcode library paths into programs
configure:14090: result: immediate
configure:14340: creating ./config.status

## ---------------------- ##
## Running config.status. ##
## ---------------------- ##

This file was extended by Gordon-Text_utils-Library config.status 0.6.1, which was
generated by GNU Autoconf 2.67.  Invocation command line was

  CONFIG_FILES    = 
  CONFIG_HEADERS  = 
  CONFIG_LINKS    = 
  CONFIG_COMMANDS = 
  $ ./config.status 

on nathan-ubuntu12

config.status:1141: creating Makefile
config.status:1141: creating README
config.status:1141: creating doc/Makefile
config.status:1141: creating m4/Makefile
config.status:1141: creating src/Makefile
config.status:1141: creating src/gtextutils/Makefile
config.status:1141: creating gtextutils.pc
config.status:1141: creating tests/Makefile
config.status:1141: creating config.h
config.status:1354: executing depfiles commands
config.status:1354: executing libtool commands

## ---------------- ##
## Cache variables. ##
## ---------------- ##

ac_cv_build=x86_64-unknown-linux-gnu
ac_cv_c_compiler_gnu=yes
ac_cv_cxx_compiler_gnu=yes
ac_cv_env_CCC_set=
ac_cv_env_CCC_value=
ac_cv_env_CC_set=
ac_cv_env_CC_value=
ac_cv_env_CFLAGS_set=
ac_cv_env_CFLAGS_value=
ac_cv_env_CPPFLAGS_set=
ac_cv_env_CPPFLAGS_value=
ac_cv_env_CPP_set=
ac_cv_env_CPP_value=
ac_cv_env_CXXCPP_set=
ac_cv_env_CXXCPP_value=
ac_cv_env_CXXFLAGS_set=
ac_cv_env_CXXFLAGS_value=
ac_cv_env_CXX_set=
ac_cv_env_CXX_value=
ac_cv_env_LDFLAGS_set=
ac_cv_env_LDFLAGS_value=
ac_cv_env_LIBS_set=
ac_cv_env_LIBS_value=
ac_cv_env_build_alias_set=
ac_cv_env_build_alias_value=
ac_cv_env_host_alias_set=
ac_cv_env_host_alias_value=
ac_cv_env_target_alias_set=
ac_cv_env_target_alias_value=
ac_cv_header_dlfcn_h=yes
ac_cv_header_inttypes_h=yes
ac_cv_header_memory_h=yes
ac_cv_header_stdc=yes
ac_cv_header_stdint_h=yes
ac_cv_header_stdlib_h=yes
ac_cv_header_string_h=yes
ac_cv_header_strings_h=yes
ac_cv_header_sys_stat_h=yes
ac_cv_header_sys_types_h=yes
ac_cv_header_unistd_h=yes
ac_cv_host=x86_64-unknown-linux-gnu
ac_cv_objext=o
ac_cv_path_EGREP='/bin//grep -E'
ac_cv_path_FGREP='/bin//grep -F'
ac_cv_path_GREP=/bin//grep
ac_cv_path_SED=/bin//sed
ac_cv_path_install='/usr/bin//install -c'
ac_cv_path_mkdir=/bin//mkdir
ac_cv_prog_AWK=mawk
ac_cv_prog_CPP='gcc -E'
ac_cv_prog_CXXCPP='g++ -E'
ac_cv_prog_ac_ct_AR=ar
ac_cv_prog_ac_ct_CC=gcc
ac_cv_prog_ac_ct_CXX=g++
ac_cv_prog_ac_ct_OBJDUMP=objdump
ac_cv_prog_ac_ct_RANLIB=ranlib
ac_cv_prog_ac_ct_STRIP=strip
ac_cv_prog_cc_c89=
ac_cv_prog_cc_g=yes
ac_cv_prog_cxx_g=yes
ac_cv_prog_make_make_set=yes
am_cv_CC_dependencies_compiler_type=gcc3
am_cv_CXX_dependencies_compiler_type=gcc3
lt_cv_deplibs_check_method=pass_all
lt_cv_file_magic_cmd='$MAGIC_CMD'
lt_cv_file_magic_test_file=
lt_cv_ld_reload_flag=-r
lt_cv_nm_interface='BSD nm'
lt_cv_objdir=.libs
lt_cv_path_LD=/usr/bin//ld
lt_cv_path_LDCXX='/usr/bin//ld -m elf_x86_64'
lt_cv_path_NM='/usr/bin//nm -B'
lt_cv_prog_compiler_c_o=yes
lt_cv_prog_compiler_c_o_CXX=yes
lt_cv_prog_compiler_pic_works=yes
lt_cv_prog_compiler_pic_works_CXX=yes
lt_cv_prog_compiler_rtti_exceptions=no
lt_cv_prog_compiler_static_works=yes
lt_cv_prog_compiler_static_works_CXX=yes
lt_cv_prog_gnu_ld=yes
lt_cv_prog_gnu_ldcxx=yes
lt_cv_sys_global_symbol_pipe='sed -n -e '\''s/^.*[	 ]\([ABCDGIRSTW][ABCDGIRSTW]*\)[	 ][	 ]*\([_A-Za-z][_A-Za-z0-9]*\)$/\1 \2 \2/p'\'''
lt_cv_sys_global_symbol_to_c_name_address='sed -n -e '\''s/^: \([^ ]*\) $/  {\"\1\", (void *) 0},/p'\'' -e '\''s/^[ABCDGIRSTW]* \([^ ]*\) \([^ ]*\)$/  {"\2", (void *) \&\2},/p'\'''
lt_cv_sys_global_symbol_to_c_name_address_lib_prefix='sed -n -e '\''s/^: \([^ ]*\) $/  {\"\1\", (void *) 0},/p'\'' -e '\''s/^[ABCDGIRSTW]* \([^ ]*\) \(lib[^ ]*\)$/  {"\2", (void *) \&\2},/p'\'' -e '\''s/^[ABCDGIRSTW]* \([^ ]*\) \([^ ]*\)$/  {"lib\2", (void *) \&\2},/p'\'''
lt_cv_sys_global_symbol_to_cdecl='sed -n -e '\''s/^T .* \(.*\)$/extern int \1();/p'\'' -e '\''s/^[ABCDGIRSTW]* .* \(.*\)$/extern char \1;/p'\'''
lt_cv_sys_max_cmd_len=1572864

## ----------------- ##
## Output variables. ##
## ----------------- ##

ACLOCAL='${SHELL} /usr/local/src/libgtextutils/libgtextutils-0.6.1/config/missing --run aclocal-1.10'
AMDEPBACKSLASH='\'
AMDEP_FALSE='#'
AMDEP_TRUE=''
AMTAR='${SHELL} /usr/local/src/libgtextutils/libgtextutils-0.6.1/config/missing --run tar'
AR='ar'
AUTOCONF='${SHELL} /usr/local/src/libgtextutils/libgtextutils-0.6.1/config/missing --run autoconf'
AUTOHEADER='${SHELL} /usr/local/src/libgtextutils/libgtextutils-0.6.1/config/missing --run autoheader'
AUTOMAKE='${SHELL} /usr/local/src/libgtextutils/libgtextutils-0.6.1/config/missing --run automake-1.10'
AWK='mawk'
CC='gcc'
CCDEPMODE='depmode=gcc3'
CFLAGS='-g -O2 -Wall -Wextra -Wformat-nonliteral -Wformat-security -Wswitch-default -Wswitch-enum -Wunused-parameter -Wfloat-equal -Werror -DDEBUG -g -O1'
CPP='gcc -E'
CPPFLAGS=''
CXX='g++'
CXXCPP='g++ -E'
CXXDEPMODE='depmode=gcc3'
CXXFLAGS='-g -O2 -Wall -Wextra -Wformat-nonliteral -Wformat-security -Wswitch-default -Wswitch-enum -Wunused-parameter -Wfloat-equal -Werror -DDEBUG -g -O1 -DDEBUG -g -O1'
CYGPATH_W='echo'
DEFS='-DHAVE_CONFIG_H'
DEPDIR='.deps'
DSYMUTIL=''
DUMPBIN=''
ECHO_C=''
ECHO_N='-n'
ECHO_T=''
EGREP='/bin//grep -E'
EXEEXT=''
FGREP='/bin//grep -F'
GREP='/bin//grep'
INSTALL_DATA='${INSTALL} -m 644'
INSTALL_PROGRAM='${INSTALL}'
INSTALL_SCRIPT='${INSTALL}'
INSTALL_STRIP_PROGRAM='$(install_sh) -c -s'
LD='/usr/bin//ld -m elf_x86_64'
LDFLAGS=''
LIBGTU_AGE='0'
LIBGTU_CURRENT='0'
LIBGTU_REVISION='0'
LIBOBJS=''
LIBS=''
LIBTOOL='$(SHELL) $(top_builddir)/libtool'
LIPO=''
LN_S='ln -s'
LTLIBOBJS=''
MAKEINFO='${SHELL} /usr/local/src/libgtextutils/libgtextutils-0.6.1/config/missing --run makeinfo'
MKDIR_P='/bin//mkdir -p'
NM='/usr/bin//nm -B'
NMEDIT=''
OBJDUMP='objdump'
OBJEXT='o'
OTOOL64=''
OTOOL=''
PACKAGE='libgtextutils'
PACKAGE_BUGREPORT='A. Gordon gordon@cshl.edu'
PACKAGE_NAME='Gordon-Text_utils-Library'
PACKAGE_STRING='Gordon-Text_utils-Library 0.6.1'
PACKAGE_TARNAME='libgtextutils'
PACKAGE_URL=''
PACKAGE_VERSION='0.6.1'
PATH_SEPARATOR=':'
RANLIB='ranlib'
SED='/bin//sed'
SET_MAKE=''
SHELL='/bin/bash'
STRIP='strip'
TUPLE_PARSER_CHECK_FALSE=''
TUPLE_PARSER_CHECK_TRUE='#'
VERSION='0.6.1'
ac_ct_CC='gcc'
ac_ct_CXX='g++'
ac_ct_DUMPBIN=''
am__fastdepCC_FALSE='#'
am__fastdepCC_TRUE=''
am__fastdepCXX_FALSE='#'
am__fastdepCXX_TRUE=''
am__include='include'
am__isrc=' -I$(srcdir)'
am__leading_dot='.'
am__quote=''
am__tar='${AMTAR} chof - "$$tardir"'
am__untar='${AMTAR} xf -'
bindir='${exec_prefix}/bin'
build='x86_64-unknown-linux-gnu'
build_alias=''
build_cpu='x86_64'
build_os='linux-gnu'
build_vendor='unknown'
datadir='${datarootdir}'
datarootdir='${prefix}/share'
docdir='${datarootdir}/doc/${PACKAGE_TARNAME}'
dvidir='${docdir}'
exec_prefix='${prefix}'
host='x86_64-unknown-linux-gnu'
host_alias=''
host_cpu='x86_64'
host_os='linux-gnu'
host_vendor='unknown'
htmldir='${docdir}'
includedir='${prefix}/include'
infodir='${datarootdir}/info'
install_sh='$(SHELL) /usr/local/src/libgtextutils/libgtextutils-0.6.1/config/install-sh'
libdir='${exec_prefix}/lib'
libexecdir='${exec_prefix}/libexec'
localedir='${datarootdir}/locale'
localstatedir='${prefix}/var'
lt_ECHO='echo'
mandir='${datarootdir}/man'
mkdir_p='/bin//mkdir -p'
oldincludedir='/usr/include'
pdfdir='${docdir}'
prefix='/usr/local'
program_transform_name='s,x,x,'
psdir='${docdir}'
sbindir='${exec_prefix}/sbin'
sharedstatedir='${prefix}/com'
sysconfdir='${prefix}/etc'
target_alias=''

## ----------- ##
## confdefs.h. ##
## ----------- ##

/* confdefs.h */
#define PACKAGE_NAME "Gordon-Text_utils-Library"
#define PACKAGE_TARNAME "libgtextutils"
#define PACKAGE_VERSION "0.6.1"
#define PACKAGE_STRING "Gordon-Text_utils-Library 0.6.1"
#define PACKAGE_BUGREPORT "A. Gordon gordon@cshl.edu"
#define PACKAGE_URL ""
#define PACKAGE "libgtextutils"
#define VERSION "0.6.1"
#define STDC_HEADERS 1
#define HAVE_SYS_TYPES_H 1
#define HAVE_SYS_STAT_H 1
#define HAVE_STDLIB_H 1
#define HAVE_STRING_H 1
#define HAVE_MEMORY_H 1
#define HAVE_STRINGS_H 1
#define HAVE_INTTYPES_H 1
#define HAVE_STDINT_H 1
#define HAVE_UNISTD_H 1
#define HAVE_DLFCN_H 1
#define LT_OBJDIR ".libs/"

configure: exit 0
